2014-12-04 21:22:25 Error: [MissingControllerException] Controller class ImgController could not be found.
Exception Attributes: array (
  'class' => 'ImgController',
  'plugin' => NULL,
)
Request URL: /img/avatar3.png
Stack Trace:
#0 C:\xampp\htdocs\bluerjtm\trunk\app\webroot\index.php(108): Dispatcher->dispatch(Object(CakeRequest), Object(CakeResponse))
#1 {main}
2014-12-04 21:22:25 Error: [MissingControllerException] Controller class ImgController could not be found.
Exception Attributes: array (
  'class' => 'ImgController',
  'plugin' => NULL,
)
Request URL: /img/avatar2.png
Stack Trace:
#0 C:\xampp\htdocs\bluerjtm\trunk\app\webroot\index.php(108): Dispatcher->dispatch(Object(CakeRequest), Object(CakeResponse))
#1 {main}
2014-12-04 21:22:25 Error: [MissingControllerException] Controller class ImgController could not be found.
Exception Attributes: array (
  'class' => 'ImgController',
  'plugin' => NULL,
)
Request URL: /img/avatar.png
Stack Trace:
#0 C:\xampp\htdocs\bluerjtm\trunk\app\webroot\index.php(108): Dispatcher->dispatch(Object(CakeRequest), Object(CakeResponse))
#1 {main}
2014-12-04 21:22:26 Error: [MissingControllerException] Controller class FontsController could not be found.
Exception Attributes: array (
  'class' => 'FontsController',
  'plugin' => NULL,
)
Request URL: /fonts/fontawesome-webfont.woff?v=4.0.3
Stack Trace:
#0 C:\xampp\htdocs\bluerjtm\trunk\app\webroot\index.php(108): Dispatcher->dispatch(Object(CakeRequest), Object(CakeResponse))
#1 {main}
2014-12-04 21:22:26 Error: [MissingControllerException] Controller class FontsController could not be found.
Exception Attributes: array (
  'class' => 'FontsController',
  'plugin' => NULL,
)
Request URL: /fonts/glyphicons-halflings-regular.woff
Stack Trace:
#0 C:\xampp\htdocs\bluerjtm\trunk\app\webroot\index.php(108): Dispatcher->dispatch(Object(CakeRequest), Object(CakeResponse))
#1 {main}
2014-12-04 21:22:26 Error: [MissingControllerException] Controller class FontsController could not be found.
Exception Attributes: array (
  'class' => 'FontsController',
  'plugin' => NULL,
)
Request URL: /fonts/ionicons.ttf?v=1.4.0
Stack Trace:
#0 C:\xampp\htdocs\bluerjtm\trunk\app\webroot\index.php(108): Dispatcher->dispatch(Object(CakeRequest), Object(CakeResponse))
#1 {main}
2014-12-04 21:22:26 Error: [MissingControllerException] Controller class CssController could not be found.
Exception Attributes: array (
  'class' => 'CssController',
  'plugin' => NULL,
)
Request URL: /css/iCheck/minimal/minimal.png
Stack Trace:
#0 C:\xampp\htdocs\bluerjtm\trunk\app\webroot\index.php(108): Dispatcher->dispatch(Object(CakeRequest), Object(CakeResponse))
#1 {main}
2014-12-04 21:22:26 Error: [MissingControllerException] Controller class FontsController could not be found.
Exception Attributes: array (
  'class' => 'FontsController',
  'plugin' => NULL,
)
Request URL: /fonts/ionicons.woff?v=1.4.0
Stack Trace:
#0 C:\xampp\htdocs\bluerjtm\trunk\app\webroot\index.php(108): Dispatcher->dispatch(Object(CakeRequest), Object(CakeResponse))
#1 {main}
2014-12-04 21:22:26 Error: [MissingControllerException] Controller class FontsController could not be found.
Exception Attributes: array (
  'class' => 'FontsController',
  'plugin' => NULL,
)
Request URL: /fonts/glyphicons-halflings-regular.ttf
Stack Trace:
#0 C:\xampp\htdocs\bluerjtm\trunk\app\webroot\index.php(108): Dispatcher->dispatch(Object(CakeRequest), Object(CakeResponse))
#1 {main}
2014-12-04 21:22:26 Error: [MissingControllerException] Controller class FontsController could not be found.
Exception Attributes: array (
  'class' => 'FontsController',
  'plugin' => NULL,
)
Request URL: /fonts/fontawesome-webfont.ttf?v=4.0.3
Stack Trace:
#0 C:\xampp\htdocs\bluerjtm\trunk\app\webroot\index.php(108): Dispatcher->dispatch(Object(CakeRequest), Object(CakeResponse))
#1 {main}
2014-12-04 21:22:43 Error: [MissingControllerException] Controller class FontsController could not be found.
Exception Attributes: array (
  'class' => 'FontsController',
  'plugin' => NULL,
)
Request URL: /fonts/glyphicons-halflings-regular.woff
Stack Trace:
#0 C:\xampp\htdocs\bluerjtm\trunk\app\webroot\index.php(108): Dispatcher->dispatch(Object(CakeRequest), Object(CakeResponse))
#1 {main}
2014-12-04 21:22:43 Error: [MissingControllerException] Controller class CssController could not be found.
Exception Attributes: array (
  'class' => 'CssController',
  'plugin' => NULL,
)
Request URL: /css/iCheck/minimal/minimal.png
Stack Trace:
#0 C:\xampp\htdocs\bluerjtm\trunk\app\webroot\index.php(108): Dispatcher->dispatch(Object(CakeRequest), Object(CakeResponse))
#1 {main}
2014-12-04 21:22:43 Error: [MissingControllerException] Controller class FontsController could not be found.
Exception Attributes: array (
  'class' => 'FontsController',
  'plugin' => NULL,
)
Request URL: /fonts/glyphicons-halflings-regular.ttf
Stack Trace:
#0 C:\xampp\htdocs\bluerjtm\trunk\app\webroot\index.php(108): Dispatcher->dispatch(Object(CakeRequest), Object(CakeResponse))
#1 {main}
2014-12-04 21:23:09 Error: [MissingControllerException] Controller class FontsController could not be found.
Exception Attributes: array (
  'class' => 'FontsController',
  'plugin' => NULL,
)
Request URL: /fonts/glyphicons-halflings-regular.woff
Stack Trace:
#0 C:\xampp\htdocs\bluerjtm\trunk\app\webroot\index.php(108): Dispatcher->dispatch(Object(CakeRequest), Object(CakeResponse))
#1 {main}
2014-12-04 21:23:09 Error: [MissingControllerException] Controller class CssController could not be found.
Exception Attributes: array (
  'class' => 'CssController',
  'plugin' => NULL,
)
Request URL: /css/iCheck/minimal/minimal.png
Stack Trace:
#0 C:\xampp\htdocs\bluerjtm\trunk\app\webroot\index.php(108): Dispatcher->dispatch(Object(CakeRequest), Object(CakeResponse))
#1 {main}
2014-12-04 21:23:10 Error: [MissingControllerException] Controller class FontsController could not be found.
Exception Attributes: array (
  'class' => 'FontsController',
  'plugin' => NULL,
)
Request URL: /fonts/glyphicons-halflings-regular.ttf
Stack Trace:
#0 C:\xampp\htdocs\bluerjtm\trunk\app\webroot\index.php(108): Dispatcher->dispatch(Object(CakeRequest), Object(CakeResponse))
#1 {main}
2014-12-04 21:24:35 Error: [MissingControllerException] Controller class FontsController could not be found.
Exception Attributes: array (
  'class' => 'FontsController',
  'plugin' => NULL,
)
Request URL: /fonts/ionicons.ttf?v=1.4.0
Stack Trace:
#0 C:\xampp\htdocs\bluerjtm\trunk\app\webroot\index.php(108): Dispatcher->dispatch(Object(CakeRequest), Object(CakeResponse))
#1 {main}
2014-12-04 21:24:35 Error: [MissingControllerException] Controller class FontsController could not be found.
Exception Attributes: array (
  'class' => 'FontsController',
  'plugin' => NULL,
)
Request URL: /fonts/fontawesome-webfont.woff?v=4.0.3
Stack Trace:
#0 C:\xampp\htdocs\bluerjtm\trunk\app\webroot\index.php(108): Dispatcher->dispatch(Object(CakeRequest), Object(CakeResponse))
#1 {main}
2014-12-04 21:24:35 Error: [MissingControllerException] Controller class FontsController could not be found.
Exception Attributes: array (
  'class' => 'FontsController',
  'plugin' => NULL,
)
Request URL: /fonts/glyphicons-halflings-regular.woff
Stack Trace:
#0 C:\xampp\htdocs\bluerjtm\trunk\app\webroot\index.php(108): Dispatcher->dispatch(Object(CakeRequest), Object(CakeResponse))
#1 {main}
2014-12-04 21:24:35 Error: [MissingControllerException] Controller class FontsController could not be found.
Exception Attributes: array (
  'class' => 'FontsController',
  'plugin' => NULL,
)
Request URL: /fonts/fontawesome-webfont.ttf?v=4.0.3
Stack Trace:
#0 C:\xampp\htdocs\bluerjtm\trunk\app\webroot\index.php(108): Dispatcher->dispatch(Object(CakeRequest), Object(CakeResponse))
#1 {main}
2014-12-04 21:24:35 Error: [MissingControllerException] Controller class FontsController could not be found.
Exception Attributes: array (
  'class' => 'FontsController',
  'plugin' => NULL,
)
Request URL: /fonts/ionicons.woff?v=1.4.0
Stack Trace:
#0 C:\xampp\htdocs\bluerjtm\trunk\app\webroot\index.php(108): Dispatcher->dispatch(Object(CakeRequest), Object(CakeResponse))
#1 {main}
2014-12-04 21:24:35 Error: [MissingControllerException] Controller class FontsController could not be found.
Exception Attributes: array (
  'class' => 'FontsController',
  'plugin' => NULL,
)
Request URL: /fonts/glyphicons-halflings-regular.ttf
Stack Trace:
#0 C:\xampp\htdocs\bluerjtm\trunk\app\webroot\index.php(108): Dispatcher->dispatch(Object(CakeRequest), Object(CakeResponse))
#1 {main}
2014-12-04 21:24:35 Error: [MissingControllerException] Controller class CssController could not be found.
Exception Attributes: array (
  'class' => 'CssController',
  'plugin' => NULL,
)
Request URL: /css/iCheck/minimal/minimal.png
Stack Trace:
#0 C:\xampp\htdocs\bluerjtm\trunk\app\webroot\index.php(108): Dispatcher->dispatch(Object(CakeRequest), Object(CakeResponse))
#1 {main}
2014-12-04 21:25:52 Error: [MissingControllerException] Controller class FontsController could not be found.
Exception Attributes: array (
  'class' => 'FontsController',
  'plugin' => NULL,
)
Request URL: /fonts/glyphicons-halflings-regular.woff
Stack Trace:
#0 C:\xampp\htdocs\bluerjtm\trunk\app\webroot\index.php(108): Dispatcher->dispatch(Object(CakeRequest), Object(CakeResponse))
#1 {main}
2014-12-04 21:25:52 Error: [MissingControllerException] Controller class FontsController could not be found.
Exception Attributes: array (
  'class' => 'FontsController',
  'plugin' => NULL,
)
Request URL: /fonts/glyphicons-halflings-regular.ttf
Stack Trace:
#0 C:\xampp\htdocs\bluerjtm\trunk\app\webroot\index.php(108): Dispatcher->dispatch(Object(CakeRequest), Object(CakeResponse))
#1 {main}
2014-12-04 21:27:00 Error: [MissingControllerException] Controller class CssController could not be found.
Exception Attributes: array (
  'class' => 'CssController',
  'plugin' => NULL,
)
Request URL: /css/morris/morris.css
Stack Trace:
#0 C:\xampp\htdocs\bluerjtm\trunk\app\webroot\index.php(108): Dispatcher->dispatch(Object(CakeRequest), Object(CakeResponse))
#1 {main}
2014-12-04 21:27:01 Error: [MissingControllerException] Controller class FontsController could not be found.
Exception Attributes: array (
  'class' => 'FontsController',
  'plugin' => NULL,
)
Request URL: /fonts/fontawesome-webfont.woff?v=4.0.3
Stack Trace:
#0 C:\xampp\htdocs\bluerjtm\trunk\app\webroot\index.php(108): Dispatcher->dispatch(Object(CakeRequest), Object(CakeResponse))
#1 {main}
2014-12-04 21:27:01 Error: [MissingControllerException] Controller class FontsController could not be found.
Exception Attributes: array (
  'class' => 'FontsController',
  'plugin' => NULL,
)
Request URL: /fonts/ionicons.ttf?v=1.4.0
Stack Trace:
#0 C:\xampp\htdocs\bluerjtm\trunk\app\webroot\index.php(108): Dispatcher->dispatch(Object(CakeRequest), Object(CakeResponse))
#1 {main}
2014-12-04 21:27:01 Error: [MissingControllerException] Controller class FontsController could not be found.
Exception Attributes: array (
  'class' => 'FontsController',
  'plugin' => NULL,
)
Request URL: /fonts/glyphicons-halflings-regular.woff
Stack Trace:
#0 C:\xampp\htdocs\bluerjtm\trunk\app\webroot\index.php(108): Dispatcher->dispatch(Object(CakeRequest), Object(CakeResponse))
#1 {main}
2014-12-04 21:27:01 Error: [MissingControllerException] Controller class FontsController could not be found.
Exception Attributes: array (
  'class' => 'FontsController',
  'plugin' => NULL,
)
Request URL: /fonts/fontawesome-webfont.ttf?v=4.0.3
Stack Trace:
#0 C:\xampp\htdocs\bluerjtm\trunk\app\webroot\index.php(108): Dispatcher->dispatch(Object(CakeRequest), Object(CakeResponse))
#1 {main}
2014-12-04 21:27:01 Error: [MissingControllerException] Controller class FontsController could not be found.
Exception Attributes: array (
  'class' => 'FontsController',
  'plugin' => NULL,
)
Request URL: /fonts/ionicons.woff?v=1.4.0
Stack Trace:
#0 C:\xampp\htdocs\bluerjtm\trunk\app\webroot\index.php(108): Dispatcher->dispatch(Object(CakeRequest), Object(CakeResponse))
#1 {main}
2014-12-04 21:27:01 Error: [MissingControllerException] Controller class FontsController could not be found.
Exception Attributes: array (
  'class' => 'FontsController',
  'plugin' => NULL,
)
Request URL: /fonts/glyphicons-halflings-regular.ttf
Stack Trace:
#0 C:\xampp\htdocs\bluerjtm\trunk\app\webroot\index.php(108): Dispatcher->dispatch(Object(CakeRequest), Object(CakeResponse))
#1 {main}
2014-12-04 21:27:02 Error: [MissingControllerException] Controller class CssController could not be found.
Exception Attributes: array (
  'class' => 'CssController',
  'plugin' => NULL,
)
Request URL: /css/iCheck/minimal/minimal.png
Stack Trace:
#0 C:\xampp\htdocs\bluerjtm\trunk\app\webroot\index.php(108): Dispatcher->dispatch(Object(CakeRequest), Object(CakeResponse))
#1 {main}
2014-12-04 21:27:10 Error: [MissingControllerException] Controller class CssController could not be found.
Exception Attributes: array (
  'class' => 'CssController',
  'plugin' => NULL,
)
Request URL: /css/morris/morris.css
Stack Trace:
#0 C:\xampp\htdocs\bluerjtm\trunk\app\webroot\index.php(108): Dispatcher->dispatch(Object(CakeRequest), Object(CakeResponse))
#1 {main}
2014-12-04 21:27:10 Error: [MissingControllerException] Controller class FontsController could not be found.
Exception Attributes: array (
  'class' => 'FontsController',
  'plugin' => NULL,
)
Request URL: /fonts/glyphicons-halflings-regular.woff
Stack Trace:
#0 C:\xampp\htdocs\bluerjtm\trunk\app\webroot\index.php(108): Dispatcher->dispatch(Object(CakeRequest), Object(CakeResponse))
#1 {main}
2014-12-04 21:27:11 Error: [MissingControllerException] Controller class CssController could not be found.
Exception Attributes: array (
  'class' => 'CssController',
  'plugin' => NULL,
)
Request URL: /css/iCheck/minimal/minimal.png
Stack Trace:
#0 C:\xampp\htdocs\bluerjtm\trunk\app\webroot\index.php(108): Dispatcher->dispatch(Object(CakeRequest), Object(CakeResponse))
#1 {main}
2014-12-04 21:27:11 Error: [MissingControllerException] Controller class FontsController could not be found.
Exception Attributes: array (
  'class' => 'FontsController',
  'plugin' => NULL,
)
Request URL: /fonts/glyphicons-halflings-regular.ttf
Stack Trace:
#0 C:\xampp\htdocs\bluerjtm\trunk\app\webroot\index.php(108): Dispatcher->dispatch(Object(CakeRequest), Object(CakeResponse))
#1 {main}
2014-12-04 21:27:26 Error: [MissingControllerException] Controller class CssController could not be found.
Exception Attributes: array (
  'class' => 'CssController',
  'plugin' => NULL,
)
Request URL: /css/morris/morris.css
Stack Trace:
#0 C:\xampp\htdocs\bluerjtm\trunk\app\webroot\index.php(108): Dispatcher->dispatch(Object(CakeRequest), Object(CakeResponse))
#1 {main}
2014-12-04 21:27:26 Error: [MissingControllerException] Controller class CssController could not be found.
Exception Attributes: array (
  'class' => 'CssController',
  'plugin' => NULL,
)
Request URL: /css/iCheck/minimal/minimal.png
Stack Trace:
#0 C:\xampp\htdocs\bluerjtm\trunk\app\webroot\index.php(108): Dispatcher->dispatch(Object(CakeRequest), Object(CakeResponse))
#1 {main}
2014-12-04 21:27:56 Error: [MissingControllerException] Controller class CssController could not be found.
Exception Attributes: array (
  'class' => 'CssController',
  'plugin' => NULL,
)
Request URL: /css/morris/morris.css
Stack Trace:
#0 C:\xampp\htdocs\bluerjtm\trunk\app\webroot\index.php(108): Dispatcher->dispatch(Object(CakeRequest), Object(CakeResponse))
#1 {main}
2014-12-04 21:27:56 Error: [MissingControllerException] Controller class CssController could not be found.
Exception Attributes: array (
  'class' => 'CssController',
  'plugin' => NULL,
)
Request URL: /css/iCheck/minimal/minimal.png
Stack Trace:
#0 C:\xampp\htdocs\bluerjtm\trunk\app\webroot\index.php(108): Dispatcher->dispatch(Object(CakeRequest), Object(CakeResponse))
#1 {main}
2014-12-04 21:28:02 Error: [MissingControllerException] Controller class CssController could not be found.
Exception Attributes: array (
  'class' => 'CssController',
  'plugin' => NULL,
)
Request URL: /css/morris/morris.css
Stack Trace:
#0 C:\xampp\htdocs\bluerjtm\trunk\app\webroot\index.php(108): Dispatcher->dispatch(Object(CakeRequest), Object(CakeResponse))
#1 {main}
2014-12-04 21:28:02 Error: [MissingControllerException] Controller class CssController could not be found.
Exception Attributes: array (
  'class' => 'CssController',
  'plugin' => NULL,
)
Request URL: /css/iCheck/minimal/minimal.png
Stack Trace:
#0 C:\xampp\htdocs\bluerjtm\trunk\app\webroot\index.php(108): Dispatcher->dispatch(Object(CakeRequest), Object(CakeResponse))
#1 {main}
2014-12-04 21:30:42 Error: Fatal Error (4): syntax error, unexpected T_DOUBLE_ARROW in [C:\xampp\htdocs\bluerjtm\trunk\app\View\Layouts\default.ctp, line 8]
2014-12-04 21:30:42 Error: [FatalErrorException] syntax error, unexpected T_DOUBLE_ARROW
Request URL: /
Stack Trace:
#0 C:\xampp\htdocs\bluerjtm\trunk\lib\Cake\Error\ErrorHandler.php(203): ErrorHandler::handleFatalError(4, 'syntax error, u...', 'C:\xampp\htdocs...', 8)
#1 [internal function]: ErrorHandler::handleError(4, 'syntax error, u...', 'C:\xampp\htdocs...', 8, Array)
#2 C:\xampp\htdocs\bluerjtm\trunk\lib\Cake\Core\App.php(931): call_user_func('ErrorHandler::h...', 4, 'syntax error, u...', 'C:\xampp\htdocs...', 8, Array)
#3 C:\xampp\htdocs\bluerjtm\trunk\lib\Cake\Core\App.php(904): App::_checkFatalError()
#4 [internal function]: App::shutdown()
#5 {main}
2014-12-04 21:30:55 Error: Fatal Error (4): syntax error, unexpected T_DOUBLE_ARROW in [C:\xampp\htdocs\bluerjtm\trunk\app\View\Layouts\default.ctp, line 7]
2014-12-04 21:30:55 Error: [FatalErrorException] syntax error, unexpected T_DOUBLE_ARROW
Request URL: /
Stack Trace:
#0 C:\xampp\htdocs\bluerjtm\trunk\lib\Cake\Error\ErrorHandler.php(203): ErrorHandler::handleFatalError(4, 'syntax error, u...', 'C:\xampp\htdocs...', 7)
#1 [internal function]: ErrorHandler::handleError(4, 'syntax error, u...', 'C:\xampp\htdocs...', 7, Array)
#2 C:\xampp\htdocs\bluerjtm\trunk\lib\Cake\Core\App.php(931): call_user_func('ErrorHandler::h...', 4, 'syntax error, u...', 'C:\xampp\htdocs...', 7, Array)
#3 C:\xampp\htdocs\bluerjtm\trunk\lib\Cake\Core\App.php(904): App::_checkFatalError()
#4 [internal function]: App::shutdown()
#5 {main}
2014-12-04 21:31:13 Error: [MissingControllerException] Controller class CssController could not be found.
Exception Attributes: array (
  'class' => 'CssController',
  'plugin' => NULL,
)
Request URL: /css/morris/morris.css
Stack Trace:
#0 C:\xampp\htdocs\bluerjtm\trunk\app\webroot\index.php(108): Dispatcher->dispatch(Object(CakeRequest), Object(CakeResponse))
#1 {main}
2014-12-04 21:31:13 Error: [MissingControllerException] Controller class CssController could not be found.
Exception Attributes: array (
  'class' => 'CssController',
  'plugin' => NULL,
)
Request URL: /css/iCheck/minimal/minimal.png
Stack Trace:
#0 C:\xampp\htdocs\bluerjtm\trunk\app\webroot\index.php(108): Dispatcher->dispatch(Object(CakeRequest), Object(CakeResponse))
#1 {main}
2014-12-04 21:33:09 Error: [MissingControllerException] Controller class CssController could not be found.
Exception Attributes: array (
  'class' => 'CssController',
  'plugin' => NULL,
)
Request URL: /css/morris/morris.css
Stack Trace:
#0 C:\xampp\htdocs\bluerjtm\trunk\app\webroot\index.php(108): Dispatcher->dispatch(Object(CakeRequest), Object(CakeResponse))
#1 {main}
2014-12-04 21:33:09 Error: [MissingControllerException] Controller class CssController could not be found.
Exception Attributes: array (
  'class' => 'CssController',
  'plugin' => NULL,
)
Request URL: /css/iCheck/minimal/minimal.png
Stack Trace:
#0 C:\xampp\htdocs\bluerjtm\trunk\app\webroot\index.php(108): Dispatcher->dispatch(Object(CakeRequest), Object(CakeResponse))
#1 {main}
2014-12-04 21:36:34 Error: [MissingControllerException] Controller class CssController could not be found.
Exception Attributes: array (
  'class' => 'CssController',
  'plugin' => NULL,
)
Request URL: /css/morris/morris.css
Stack Trace:
#0 C:\xampp\htdocs\bluerjtm\trunk\app\webroot\index.php(108): Dispatcher->dispatch(Object(CakeRequest), Object(CakeResponse))
#1 {main}
2014-12-04 21:36:34 Error: [MissingControllerException] Controller class CssController could not be found.
Exception Attributes: array (
  'class' => 'CssController',
  'plugin' => NULL,
)
Request URL: /css/iCheck/minimal/minimal.png
Stack Trace:
#0 C:\xampp\htdocs\bluerjtm\trunk\app\webroot\index.php(108): Dispatcher->dispatch(Object(CakeRequest), Object(CakeResponse))
#1 {main}
2014-12-04 21:38:20 Error: [MissingControllerException] Controller class CssController could not be found.
Exception Attributes: array (
  'class' => 'CssController',
  'plugin' => NULL,
)
Request URL: /css/morris/morris.css
Stack Trace:
#0 C:\xampp\htdocs\bluerjtm\trunk\app\webroot\index.php(108): Dispatcher->dispatch(Object(CakeRequest), Object(CakeResponse))
#1 {main}
2014-12-04 21:38:20 Error: [MissingControllerException] Controller class CssController could not be found.
Exception Attributes: array (
  'class' => 'CssController',
  'plugin' => NULL,
)
Request URL: /css/iCheck/minimal/minimal.png
Stack Trace:
#0 C:\xampp\htdocs\bluerjtm\trunk\app\webroot\index.php(108): Dispatcher->dispatch(Object(CakeRequest), Object(CakeResponse))
#1 {main}
2014-12-04 21:38:48 Error: [MissingControllerException] Controller class CssController could not be found.
Exception Attributes: array (
  'class' => 'CssController',
  'plugin' => NULL,
)
Request URL: /css/morris/morris.css
Stack Trace:
#0 C:\xampp\htdocs\bluerjtm\trunk\app\webroot\index.php(108): Dispatcher->dispatch(Object(CakeRequest), Object(CakeResponse))
#1 {main}
2014-12-04 21:38:48 Error: [MissingControllerException] Controller class CssController could not be found.
Exception Attributes: array (
  'class' => 'CssController',
  'plugin' => NULL,
)
Request URL: /css/iCheck/minimal/minimal.png
Stack Trace:
#0 C:\xampp\htdocs\bluerjtm\trunk\app\webroot\index.php(108): Dispatcher->dispatch(Object(CakeRequest), Object(CakeResponse))
#1 {main}
2014-12-04 21:39:28 Error: [MissingControllerException] Controller class CssController could not be found.
Exception Attributes: array (
  'class' => 'CssController',
  'plugin' => NULL,
)
Request URL: /css/morris/morris.css
Stack Trace:
#0 C:\xampp\htdocs\bluerjtm\trunk\app\webroot\index.php(108): Dispatcher->dispatch(Object(CakeRequest), Object(CakeResponse))
#1 {main}
2014-12-04 21:39:28 Error: [MissingControllerException] Controller class CssController could not be found.
Exception Attributes: array (
  'class' => 'CssController',
  'plugin' => NULL,
)
Request URL: /css/iCheck/minimal/minimal.png
Stack Trace:
#0 C:\xampp\htdocs\bluerjtm\trunk\app\webroot\index.php(108): Dispatcher->dispatch(Object(CakeRequest), Object(CakeResponse))
#1 {main}
2014-12-04 21:40:53 Error: [MissingControllerException] Controller class CssController could not be found.
Exception Attributes: array (
  'class' => 'CssController',
  'plugin' => NULL,
)
Request URL: /css/morris/morris.css
Stack Trace:
#0 C:\xampp\htdocs\bluerjtm\trunk\app\webroot\index.php(108): Dispatcher->dispatch(Object(CakeRequest), Object(CakeResponse))
#1 {main}
2014-12-04 21:40:53 Error: [MissingControllerException] Controller class CssController could not be found.
Exception Attributes: array (
  'class' => 'CssController',
  'plugin' => NULL,
)
Request URL: /css/iCheck/minimal/minimal.png
Stack Trace:
#0 C:\xampp\htdocs\bluerjtm\trunk\app\webroot\index.php(108): Dispatcher->dispatch(Object(CakeRequest), Object(CakeResponse))
#1 {main}
2014-12-04 21:41:05 Error: [MissingControllerException] Controller class CssController could not be found.
Exception Attributes: array (
  'class' => 'CssController',
  'plugin' => NULL,
)
Request URL: /css/morris/morris.css
Stack Trace:
#0 C:\xampp\htdocs\bluerjtm\trunk\app\webroot\index.php(108): Dispatcher->dispatch(Object(CakeRequest), Object(CakeResponse))
#1 {main}
2014-12-04 21:41:05 Error: [MissingControllerException] Controller class CssController could not be found.
Exception Attributes: array (
  'class' => 'CssController',
  'plugin' => NULL,
)
Request URL: /css/iCheck/minimal/minimal.png
Stack Trace:
#0 C:\xampp\htdocs\bluerjtm\trunk\app\webroot\index.php(108): Dispatcher->dispatch(Object(CakeRequest), Object(CakeResponse))
#1 {main}
2014-12-04 21:41:14 Error: [MissingControllerException] Controller class CssController could not be found.
Exception Attributes: array (
  'class' => 'CssController',
  'plugin' => NULL,
)
Request URL: /css/morris/morris.css
Stack Trace:
#0 C:\xampp\htdocs\bluerjtm\trunk\app\webroot\index.php(108): Dispatcher->dispatch(Object(CakeRequest), Object(CakeResponse))
#1 {main}
2014-12-04 21:41:14 Error: [MissingControllerException] Controller class CssController could not be found.
Exception Attributes: array (
  'class' => 'CssController',
  'plugin' => NULL,
)
Request URL: /css/iCheck/minimal/minimal.png
Stack Trace:
#0 C:\xampp\htdocs\bluerjtm\trunk\app\webroot\index.php(108): Dispatcher->dispatch(Object(CakeRequest), Object(CakeResponse))
#1 {main}
2014-12-04 21:44:23 Error: [MissingViewException] View file "C:\xampp\htdocs\bluerjtm\trunk\app\View\Pages\display.ctp" is missing.
Exception Attributes: array (
  'file' => 'C:\\xampp\\htdocs\\bluerjtm\\trunk\\app\\View\\Pages\\display.ctp',
)
Request URL: /
Stack Trace:
#0 C:\xampp\htdocs\bluerjtm\trunk\lib\Cake\View\View.php(468): View->_getViewFileName(NULL)
#1 C:\xampp\htdocs\bluerjtm\trunk\lib\Cake\Controller\Controller.php(954): View->render(NULL, NULL)
#2 C:\xampp\htdocs\bluerjtm\trunk\lib\Cake\Routing\Dispatcher.php(198): Controller->render()
#3 C:\xampp\htdocs\bluerjtm\trunk\lib\Cake\Routing\Dispatcher.php(165): Dispatcher->_invoke(Object(PagesController), Object(CakeRequest))
#4 C:\xampp\htdocs\bluerjtm\trunk\app\webroot\index.php(108): Dispatcher->dispatch(Object(CakeRequest), Object(CakeResponse))
#5 {main}
2014-12-04 21:44:23 Error: [MissingControllerException] Controller class CssController could not be found.
Exception Attributes: array (
  'class' => 'CssController',
  'plugin' => NULL,
)
Request URL: /css/morris/morris.css
Stack Trace:
#0 C:\xampp\htdocs\bluerjtm\trunk\app\webroot\index.php(108): Dispatcher->dispatch(Object(CakeRequest), Object(CakeResponse))
#1 {main}
2014-12-04 21:44:46 Error: [MissingControllerException] Controller class CssController could not be found.
Exception Attributes: array (
  'class' => 'CssController',
  'plugin' => NULL,
)
Request URL: /css/morris/morris.css
Stack Trace:
#0 C:\xampp\htdocs\bluerjtm\trunk\app\webroot\index.php(108): Dispatcher->dispatch(Object(CakeRequest), Object(CakeResponse))
#1 {main}
2014-12-04 21:44:47 Error: [MissingControllerException] Controller class CssController could not be found.
Exception Attributes: array (
  'class' => 'CssController',
  'plugin' => NULL,
)
Request URL: /css/iCheck/minimal/minimal.png
Stack Trace:
#0 C:\xampp\htdocs\bluerjtm\trunk\app\webroot\index.php(108): Dispatcher->dispatch(Object(CakeRequest), Object(CakeResponse))
#1 {main}
2014-12-04 21:44:53 Error: [MissingControllerException] Controller class CssController could not be found.
Exception Attributes: array (
  'class' => 'CssController',
  'plugin' => NULL,
)
Request URL: /css/morris/morris.css
Stack Trace:
#0 C:\xampp\htdocs\bluerjtm\trunk\app\webroot\index.php(108): Dispatcher->dispatch(Object(CakeRequest), Object(CakeResponse))
#1 {main}
2014-12-04 21:44:53 Error: [MissingControllerException] Controller class CssController could not be found.
Exception Attributes: array (
  'class' => 'CssController',
  'plugin' => NULL,
)
Request URL: /css/iCheck/minimal/minimal.png
Stack Trace:
#0 C:\xampp\htdocs\bluerjtm\trunk\app\webroot\index.php(108): Dispatcher->dispatch(Object(CakeRequest), Object(CakeResponse))
#1 {main}
2014-12-04 21:47:05 Error: [MissingControllerException] Controller class CssController could not be found.
Exception Attributes: array (
  'class' => 'CssController',
  'plugin' => NULL,
)
Request URL: /css/morris/morris.css
Stack Trace:
#0 C:\xampp\htdocs\bluerjtm\trunk\app\webroot\index.php(108): Dispatcher->dispatch(Object(CakeRequest), Object(CakeResponse))
#1 {main}
2014-12-04 21:47:05 Error: [MissingControllerException] Controller class CssController could not be found.
Exception Attributes: array (
  'class' => 'CssController',
  'plugin' => NULL,
)
Request URL: /css/iCheck/minimal/minimal.png
Stack Trace:
#0 C:\xampp\htdocs\bluerjtm\trunk\app\webroot\index.php(108): Dispatcher->dispatch(Object(CakeRequest), Object(CakeResponse))
#1 {main}
2014-12-04 21:47:24 Error: [MissingControllerException] Controller class CssController could not be found.
Exception Attributes: array (
  'class' => 'CssController',
  'plugin' => NULL,
)
Request URL: /css/morris/morris.css
Stack Trace:
#0 C:\xampp\htdocs\bluerjtm\trunk\app\webroot\index.php(108): Dispatcher->dispatch(Object(CakeRequest), Object(CakeResponse))
#1 {main}
2014-12-04 21:47:25 Error: [MissingControllerException] Controller class CssController could not be found.
Exception Attributes: array (
  'class' => 'CssController',
  'plugin' => NULL,
)
Request URL: /css/iCheck/minimal/minimal.png
Stack Trace:
#0 C:\xampp\htdocs\bluerjtm\trunk\app\webroot\index.php(108): Dispatcher->dispatch(Object(CakeRequest), Object(CakeResponse))
#1 {main}
2014-12-04 21:49:48 Error: [MissingControllerException] Controller class CssController could not be found.
Exception Attributes: array (
  'class' => 'CssController',
  'plugin' => NULL,
)
Request URL: /css/morris/morris.css
Stack Trace:
#0 C:\xampp\htdocs\bluerjtm\trunk\app\webroot\index.php(108): Dispatcher->dispatch(Object(CakeRequest), Object(CakeResponse))
#1 {main}
2014-12-04 21:49:49 Error: [MissingControllerException] Controller class CssController could not be found.
Exception Attributes: array (
  'class' => 'CssController',
  'plugin' => NULL,
)
Request URL: /css/iCheck/minimal/minimal.png
Stack Trace:
#0 C:\xampp\htdocs\bluerjtm\trunk\app\webroot\index.php(108): Dispatcher->dispatch(Object(CakeRequest), Object(CakeResponse))
#1 {main}
2014-12-04 22:00:42 Error: [MissingControllerException] Controller class CssController could not be found.
Exception Attributes: array (
  'class' => 'CssController',
  'plugin' => NULL,
)
Request URL: /css/morris/morris.css
Stack Trace:
#0 C:\xampp\htdocs\bluerjtm\trunk\app\webroot\index.php(108): Dispatcher->dispatch(Object(CakeRequest), Object(CakeResponse))
#1 {main}
2014-12-04 22:00:43 Error: [MissingControllerException] Controller class CssController could not be found.
Exception Attributes: array (
  'class' => 'CssController',
  'plugin' => NULL,
)
Request URL: /css/iCheck/minimal/minimal.png
Stack Trace:
#0 C:\xampp\htdocs\bluerjtm\trunk\app\webroot\index.php(108): Dispatcher->dispatch(Object(CakeRequest), Object(CakeResponse))
#1 {main}
2014-12-04 22:01:36 Error: [MissingControllerException] Controller class CssController could not be found.
Exception Attributes: array (
  'class' => 'CssController',
  'plugin' => NULL,
)
Request URL: /css/morris/morris.css
Stack Trace:
#0 C:\xampp\htdocs\bluerjtm\trunk\app\webroot\index.php(108): Dispatcher->dispatch(Object(CakeRequest), Object(CakeResponse))
#1 {main}
2014-12-04 22:01:37 Error: [MissingControllerException] Controller class CssController could not be found.
Exception Attributes: array (
  'class' => 'CssController',
  'plugin' => NULL,
)
Request URL: /css/iCheck/minimal/minimal.png
Stack Trace:
#0 C:\xampp\htdocs\bluerjtm\trunk\app\webroot\index.php(108): Dispatcher->dispatch(Object(CakeRequest), Object(CakeResponse))
#1 {main}
2014-12-04 22:02:12 Error: [MissingControllerException] Controller class CssController could not be found.
Exception Attributes: array (
  'class' => 'CssController',
  'plugin' => NULL,
)
Request URL: /css/morris/morris.css
Stack Trace:
#0 C:\xampp\htdocs\bluerjtm\trunk\app\webroot\index.php(108): Dispatcher->dispatch(Object(CakeRequest), Object(CakeResponse))
#1 {main}
2014-12-04 22:02:13 Error: [MissingControllerException] Controller class CssController could not be found.
Exception Attributes: array (
  'class' => 'CssController',
  'plugin' => NULL,
)
Request URL: /css/iCheck/minimal/minimal.png
Stack Trace:
#0 C:\xampp\htdocs\bluerjtm\trunk\app\webroot\index.php(108): Dispatcher->dispatch(Object(CakeRequest), Object(CakeResponse))
#1 {main}
2014-12-04 22:02:52 Error: [MissingControllerException] Controller class CssController could not be found.
Exception Attributes: array (
  'class' => 'CssController',
  'plugin' => NULL,
)
Request URL: /css/morris/morris.css
Stack Trace:
#0 C:\xampp\htdocs\bluerjtm\trunk\app\webroot\index.php(108): Dispatcher->dispatch(Object(CakeRequest), Object(CakeResponse))
#1 {main}
2014-12-04 22:02:52 Error: [MissingControllerException] Controller class CssController could not be found.
Exception Attributes: array (
  'class' => 'CssController',
  'plugin' => NULL,
)
Request URL: /css/iCheck/minimal/minimal.png
Stack Trace:
#0 C:\xampp\htdocs\bluerjtm\trunk\app\webroot\index.php(108): Dispatcher->dispatch(Object(CakeRequest), Object(CakeResponse))
#1 {main}
